<?xml version="1.0" encoding="UTF-8"?>
<testsuite name="TestSuite" time="257.808" tests="1" errors="0" skipped="0" failures="1">
  <properties>
[...]
</properties>
  <testcase name="testLoginGame" classname="ru.st.selenium.GameList" time="257.808">
    <failure message="Window not found. The browser window may have been closed.&#10;Command duration or timeout: 548 milliseconds&#10;Build info: version: &apos;2.45.0&apos;, revision: &apos;5017cb8e7ca8e37638dc3091b2440b90a1d8686f&apos;, time: &apos;2015-02-27 09:10:26&apos;&#10;System info: host: &apos;DartlandKitchen&apos;, ip: &apos;192.168.1.37&apos;, os.name: &apos;Windows 7&apos;, os.arch: &apos;amd64&apos;, os.version: &apos;6.1&apos;, java.version: &apos;1.8.0_45&apos;&#10;Driver info: org.openqa.selenium.firefox.FirefoxDriver&#10;Capabilities [{applicationCacheEnabled=true, rotatable=false, handlesAlerts=true, databaseEnabled=true, version=39.0.3, platform=WINDOWS, nativeEvents=false, acceptSslCerts=true, webStorageEnabled=true, locationContextEnabled=true, browserName=firefox, takesScreenshot=true, javascriptEnabled=true, cssSelectorsEnabled=true}]&#10;Session ID: 40b08457-b7ce-4434-9ec5-c0e6b80c2f5e" type="org.openqa.selenium.NoSuchWindowException"><![CDATA[org.openqa.selenium.NoSuchWindowException: Window not found. The browser window may have been closed.
Command duration or timeout: 548 milliseconds
Build info: version: '2.45.0', revision: '5017cb8e7ca8e37638dc3091b2440b90a1d8686f', time: '2015-02-27 09:10:26'
System info: host: 'DartlandKitchen', ip: '192.168.1.37', os.name: 'Windows 7', os.arch: 'amd64', os.version: '6.1', java.version: '1.8.0_45'
Driver info: org.openqa.selenium.firefox.FirefoxDriver
Capabilities [{applicationCacheEnabled=true, rotatable=false, handlesAlerts=true, databaseEnabled=true, version=39.0.3, platform=WINDOWS, nativeEvents=false, acceptSslCerts=true, webStorageEnabled=true, locationContextEnabled=true, browserName=firefox, takesScreenshot=true, javascriptEnabled=true, cssSelectorsEnabled=true}]
Session ID: 40b08457-b7ce-4434-9ec5-c0e6b80c2f5e
	at sun.reflect.NativeConstructorAccessorImpl.newInstance0(Native Method)
	at sun.reflect.NativeConstructorAccessorImpl.newInstance(NativeConstructorAccessorImpl.java:62)
	at sun.reflect.DelegatingConstructorAccessorImpl.newInstance(DelegatingConstructorAccessorImpl.java:45)
	at java.lang.reflect.Constructor.newInstance(Constructor.java:422)
	at org.openqa.selenium.remote.ErrorHandler.createThrowable(ErrorHandler.java:204)
	at org.openqa.selenium.remote.ErrorHandler.throwIfResponseFailed(ErrorHandler.java:156)
	at org.openqa.selenium.remote.RemoteWebDriver.execute(RemoteWebDriver.java:599)
	at org.openqa.selenium.remote.RemoteExecuteMethod.execute(RemoteExecuteMethod.java:34)
	at org.openqa.selenium.remote.RemoteMouse.mouseMove(RemoteMouse.java:88)
	at org.openqa.selenium.interactions.internal.MouseAction.moveToLocation(MouseAction.java:48)
	at org.openqa.selenium.interactions.ClickAndHoldAction.perform(ClickAndHoldAction.java:37)
	at org.openqa.selenium.interactions.CompositeAction.perform(CompositeAction.java:31)
	at org.openqa.selenium.interactions.Actions.perform(Actions.java:367)
	at ru.st.selenium.GameList.openGame(GameList.java:125)
	at ru.st.selenium.GameList.testLoginGame(GameList.java:81)
Caused by: org.openqa.selenium.NoSuchWindowException: Window not found. The browser window may have been closed.
Build info: version: '2.45.0', revision: '5017cb8e7ca8e37638dc3091b2440b90a1d8686f', time: '2015-02-27 09:10:26'
System info: host: 'DartlandKitchen', ip: '192.168.1.37', os.name: 'Windows 7', os.arch: 'amd64', os.version: '6.1', java.version: '1.8.0_45'
Driver info: driver.version: unknown
	at <anonymous class>.nsCommandProcessor.prototype.execute(file:///C:/Users/CD86~1/AppData/Local/Temp/anonymous5010919803557135480webdriver-profile/extensions/fxdriver@googlecode.com/components/command-processor.js:12343)
	at <anonymous class>.Dispatcher.executeAs/<(file:///C:/Users/CD86~1/AppData/Local/Temp/anonymous5010919803557135480webdriver-profile/extensions/fxdriver@googlecode.com/components/driver-component.js:9061)
	at <anonymous class>.Resource.prototype.handle(file:///C:/Users/CD86~1/AppData/Local/Temp/anonymous5010919803557135480webdriver-profile/extensions/fxdriver@googlecode.com/components/driver-component.js:9208)
	at <anonymous class>.Dispatcher.prototype.dispatch(file:///C:/Users/CD86~1/AppData/Local/Temp/anonymous5010919803557135480webdriver-profile/extensions/fxdriver@googlecode.com/components/driver-component.js:9155)
	at <anonymous class>.WebDriverServer/<.handle(file:///C:/Users/CD86~1/AppData/Local/Temp/anonymous5010919803557135480webdriver-profile/extensions/fxdriver@googlecode.com/components/driver-component.js:12128)
	at <anonymous class>.createHandlerFunc/<(file:///C:/Users/CD86~1/AppData/Local/Temp/anonymous5010919803557135480webdriver-profile/extensions/fxdriver@googlecode.com/components/httpd.js:2058)
	at <anonymous class>.ServerHandler.prototype.handleResponse(file:///C:/Users/CD86~1/AppData/Local/Temp/anonymous5010919803557135480webdriver-profile/extensions/fxdriver@googlecode.com/components/httpd.js:2391)
	at <anonymous class>.Connection.prototype.process(file:///C:/Users/CD86~1/AppData/Local/Temp/anonymous5010919803557135480webdriver-profile/extensions/fxdriver@googlecode.com/components/httpd.js:1227)
	at <anonymous class>.RequestReader.prototype._handleResponse(file:///C:/Users/CD86~1/AppData/Local/Temp/anonymous5010919803557135480webdriver-profile/extensions/fxdriver@googlecode.com/components/httpd.js:1681)
	at <anonymous class>.RequestReader.prototype._processBody(file:///C:/Users/CD86~1/AppData/Local/Temp/anonymous5010919803557135480webdriver-profile/extensions/fxdriver@googlecode.com/components/httpd.js:1529)
	at <anonymous class>.RequestReader.prototype.onInputStreamReady(file:///C:/Users/CD86~1/AppData/Local/Temp/anonymous5010919803557135480webdriver-profile/extensions/fxdriver@googlecode.com/components/httpd.js:1397)
]]></failure>
    <system-out><![CDATA[...
... TestNG 6.8.9beta by C?dric Beust (cedric@beust.com)
...

Результаты
Открываем игры из меню 'слоты'
Значение 'id=195570'
Найден элемент прокрутки
Найден локатор: .//*[@id='195570']/b
его значение: RABBIT IN THE HAT
Подвели указатель к элементу для появления кнопок
Вход в игру: RABBIT IN THE HAT
Найден: .//*[@id='195570']/div[2]/a[2]
Он невидимый: .//*[@id='195570']/div[2]/a[2]
Значение 'id=195568'
Найден элемент прокрутки
Найден локатор: .//*[@id='195568']/b
его значение: GUNG POW
Подвели указатель к элементу для появления кнопок
Вход в игру: GUNG POW
Найден: .//*[@id='195568']/div[2]/a[2]
Он видимый: .//*[@id='195568']/div[2]/a[2]
Найден iframe[contains(@class,'egamings_game_frame')]
Статус загрузки игры в плагин: complete
Найден элемент с  id=play_box
Выход из игры
Значение 'id=195567'
Найден элемент прокрутки
Найден локатор: .//*[@id='195567']/b
его значение: GOLDEN PRINCESS
Подвели указатель к элементу для появления кнопок
Вход в игру: GOLDEN PRINCESS
Найден: .//*[@id='195567']/div[2]/a[2]
Он видимый: .//*[@id='195567']/div[2]/a[2]
Найден iframe[contains(@class,'egamings_game_frame')]
Статус загрузки игры в плагин: complete
Найден элемент с  id=play_box
Выход из игры
Значение 'id=195566'
Найден элемент прокрутки
Найден локатор: .//*[@id='195566']/b
его значение: FISH PARTY
Подвели указатель к элементу для появления кнопок
Вход в игру: FISH PARTY
Найден: .//*[@id='195566']/div[2]/a[2]
Он видимый: .//*[@id='195566']/div[2]/a[2]
Найден iframe[contains(@class,'egamings_game_frame')]
Статус загрузки игры в плагин: complete
Найден элемент с  id=play_box
Выход из игры
Значение 'id=175476'
Найден элемент прокрутки
Найден локатор: .//*[@id='175476']/b
его значение: TREASURE ISLAND
Подвели указатель к элементу для появления кнопок
Вход в игру: TREASURE ISLAND
Найден: .//*[@id='175476']/div[2]/a[2]
Он невидимый: .//*[@id='175476']/div[2]/a[2]
Значение 'id=175474'
Найден элемент прокрутки
Найден локатор: .//*[@id='175474']/b
его значение: BIG CHEF
Подвели указатель к элементу для появления кнопок
Вход в игру: BIG CHEF
Найден: .//*[@id='175474']/div[2]/a[2]
Он невидимый: .//*[@id='175474']/div[2]/a[2]
Значение 'id=175473'
Найден элемент прокрутки
Найден локатор: .//*[@id='175473']/b
его значение: ARIANA
Подвели указатель к элементу для появления кнопок
Вход в игру: ARIANA
Найден: .//*[@id='175473']/div[2]/a[2]
Он невидимый: .//*[@id='175473']/div[2]/a[2]
Значение 'id=99767'
Найден элемент прокрутки
Найден локатор: .//*[@id='99767']/b
его значение: SPELL OF ODIN
Подвели указатель к элементу для появления кнопок
Вход в игру: SPELL OF ODIN
Найден: .//*[@id='99767']/div[2]/a[2]
Он невидимый: .//*[@id='99767']/div[2]/a[2]
Значение 'id=99766'
Найден элемент прокрутки
Найден локатор: .//*[@id='99766']/b
его значение: VIKING QUEST
Подвели указатель к элементу для появления кнопок
Вход в игру: VIKING QUEST
Найден: .//*[@id='99766']/div[2]/a[2]
Он видимый: .//*[@id='99766']/div[2]/a[2]
Найден iframe[contains(@class,'egamings_game_frame')]
Статус загрузки игры в плагин: complete
Найден элемент с  id=play_box
Выход из игры
Значение 'id=99765'
Найден элемент прокрутки
Найден локатор: .//*[@id='99765']/b
его значение: VOLCANO ERUPTION
Подвели указатель к элементу для появления кнопок
Вход в игру: VOLCANO ERUPTION
Найден: .//*[@id='99765']/div[2]/a[2]
Он невидимый: .//*[@id='99765']/div[2]/a[2]
Значение 'id=99764'
Найден элемент прокрутки
Найден локатор: .//*[@id='99764']/b
его значение: FAERIES FORTUNE
Подвели указатель к элементу для появления кнопок
Вход в игру: FAERIES FORTUNE
Найден: .//*[@id='99764']/div[2]/a[2]
Он видимый: .//*[@id='99764']/div[2]/a[2]
Найден iframe[contains(@class,'egamings_game_frame')]
Статус загрузки игры в плагин: complete
Найден элемент с  id=play_box
Выход из игры
Значение 'id=99763'
Найден элемент прокрутки
Найден локатор: .//*[@id='99763']/b
его значение: FORSAKEN KINGDOM
Подвели указатель к элементу для появления кнопок
Вход в игру: FORSAKEN KINGDOM
Найден: .//*[@id='99763']/div[2]/a[2]
Он невидимый: .//*[@id='99763']/div[2]/a[2]
Значение 'id=95450'
Найден элемент прокрутки
]]></system-out>
  </testcase>
</testsuite>